#
# There is insufficient memory for the Java Runtime Environment to continue.
# Native memory allocation (malloc) failed to allocate 32744 bytes for ChunkPool::allocate
# Possible reasons:
#   The system is out of physical RAM or swap space
#   In 32 bit mode, the process size limit was hit
# Possible solutions:
#   Reduce memory load on the system
#   Increase physical memory or swap space
#   Check if swap backing store is full
#   Use 64 bit Java on a 64 bit OS
#   Decrease Java heap size (-Xmx/-Xms)
#   Decrease number of Java threads
#   Decrease Java thread stack sizes (-Xss)
#   Set larger code cache with -XX:ReservedCodeCacheSize=
# This output file may be truncated or incomplete.
#
#  Out of Memory Error (allocation.cpp:273), pid=22236, tid=0x000000000000475c
#
# JRE version: OpenJDK Runtime Environment (8.0) (build 1.8.0-adoptopenjdk-_2018_05_19_00_59-b00)
# Java VM: OpenJDK 64-Bit Server VM (25.71-b00 mixed mode windows-amd64 compressed oops)
# Failed to write core dump. Minidumps are not enabled by default on client versions of Windows
#

---------------  T H R E A D  ---------------

Current thread (0x000000001de13000):  JavaThread "C1 CompilerThread3" daemon [_thread_in_native, id=18268, stack(0x000000001f750000,0x000000001f850000)]

Stack: [0x000000001f750000,0x000000001f850000]
[error occurred during error reporting (printing stack bounds), id 0xc0000005]

Native frames: (J=compiled Java code, j=interpreted, Vv=VM code, C=native code)


Current CompileTask:
C1:  13994  873   !   3       com.sun.org.apache.xerces.internal.impl.xs.traversers.XSAttributeChecker::checkAttributes (1100 bytes)


---------------  P R O C E S S  ---------------

Java Threads: ( => current thread )
  0x000000001de28000 JavaThread "Service Thread" daemon [_thread_blocked, id=21676, stack(0x000000001f850000,0x000000001f950000)]
=>0x000000001de13000 JavaThread "C1 CompilerThread3" daemon [_thread_in_native, id=18268, stack(0x000000001f750000,0x000000001f850000)]
  0x000000001de11000 JavaThread "C2 CompilerThread2" daemon [_thread_blocked, id=31676, stack(0x000000001f650000,0x000000001f750000)]
  0x000000001de0c800 JavaThread "C2 CompilerThread1" daemon [_thread_blocked, id=8476, stack(0x000000001f550000,0x000000001f650000)]
  0x000000001de05000 JavaThread "C2 CompilerThread0" daemon [_thread_blocked, id=27772, stack(0x000000001f450000,0x000000001f550000)]
  0x000000001de04000 JavaThread "Attach Listener" daemon [_thread_blocked, id=7428, stack(0x000000001f350000,0x000000001f450000)]
  0x000000001de03800 JavaThread "Signal Dispatcher" daemon [_thread_blocked, id=10924, stack(0x000000001f250000,0x000000001f350000)]
  0x000000001c720800 JavaThread "Finalizer" daemon [_thread_blocked, id=26004, stack(0x000000001f050000,0x000000001f150000)]
  0x000000001c71a000 JavaThread "Reference Handler" daemon [_thread_blocked, id=27668, stack(0x000000001ef50000,0x000000001f050000)]
  0x0000000002b15000 JavaThread "main" [_thread_in_native, id=30220, stack(0x0000000002a10000,0x0000000002b10000)]

Other Threads:
  0x0000000002c0b800 VMThread [stack: 0x000000001ee50000,0x000000001ef50000] [id=16128]
  0x000000001de29000 WatcherThread [stack: 0x000000001f950000,0x000000001fa50000] [id=21576]

VM state:not at safepoint (normal execution)

VM Mutex/Monitor currently owned by a thread: None

Heap:
 PSYoungGen      total 75776K, used 18225K [0x000000076be00000, 0x0000000771280000, 0x00000007c0000000)
  eden space 65024K, 28% used [0x000000076be00000,0x000000076cfcc750,0x000000076fd80000)
  from space 10752K, 0% used [0x0000000770800000,0x0000000770800000,0x0000000771280000)
  to   space 10752K, 0% used [0x000000076fd80000,0x000000076fd80000,0x0000000770800000)
 ParOldGen       total 173568K, used 0K [0x00000006c3a00000, 0x00000006ce380000, 0x000000076be00000)
  object space 173568K, 0% used [0x00000006c3a00000,0x00000006c3a00000,0x00000006ce380000)
 Metaspace       used 11232K, capacity 11440K, committed 11520K, reserved 1060864K
  class space    used 1364K, capacity 1458K, committed 1536K, reserved 1048576K

Card table byte_map: [0x0000000011fd0000,0x00000000127c0000] byte_map_base: 0x000000000e9b3000

Marking Bits: (ParMarkBitMap*) 0x000000005532be50
 Begin Bits: [0x0000000013710000, 0x0000000017628000)
 End Bits:   [0x0000000017628000, 0x000000001b540000)

Polling page: 0x0000000002840000

CodeCache: size=245760Kb used=3098Kb max_used=3118Kb free=242661Kb
 bounds [0x0000000002c10000, 0x0000000002f20000, 0x0000000011c10000]
 total_blobs=1226 nmethods=874 adapters=265
 compilation: enabled

Compilation events (10 events):
Event: 10.952 Thread 0x000000001de13000  869       1       com.sun.org.apache.xerces.internal.impl.validation.ValidationState::needFacetChecking (5 bytes)
Event: 10.953 Thread 0x000000001de13000 nmethod 869 0x0000000002f16d90 code [0x0000000002f16ee0, 0x0000000002f16ff0]
Event: 10.953 Thread 0x000000001de13000  870       1       com.sun.org.apache.xerces.internal.impl.validation.ValidationState::needExtraChecking (5 bytes)
Event: 10.953 Thread 0x000000001de13000 nmethod 870 0x0000000002f16ad0 code [0x0000000002f16c20, 0x0000000002f16d30]
Event: 10.953 Thread 0x000000001de13000  872       3       com.sun.org.apache.xerces.internal.impl.xs.opti.ElementImpl::getNextSibling (44 bytes)
Event: 10.953 Thread 0x000000001de13000 nmethod 872 0x0000000002f16610 code [0x0000000002f16780, 0x0000000002f16990]
Event: 10.953 Thread 0x000000001de13000  873   !   3       com.sun.org.apache.xerces.internal.impl.xs.traversers.XSAttributeChecker::checkAttributes (1100 bytes)
Event: 10.954 Thread 0x000000001de11000  877       4       java.lang.AbstractStringBuilder::ensureCapacityInternal (27 bytes)
Event: 11.972 Thread 0x000000001de0c800  879       4       com.sun.org.apache.xerces.internal.impl.XMLEntityScanner::checkEntityLimit (50 bytes)
Event: 11.972 Thread 0x000000001de05000  880       4       com.sun.org.apache.xerces.internal.impl.XMLEntityScanner::checkBeforeLoad (140 bytes)

GC Heap History (0 events):
No events

Deoptimization events (10 events):
Event: 1.551 Thread 0x0000000002b15000 Uncommon trap: reason=unstable_if action=reinterpret pc=0x0000000002e2c7ec method=java.util.HashMap.getNode(ILjava/lang/Object;)Ljava/util/HashMap$Node; @ 129
Event: 1.552 Thread 0x0000000002b15000 Uncommon trap: reason=range_check action=make_not_entrant pc=0x0000000002e3a0a8 method=sun.reflect.generics.parser.SignatureParser.current()C @ 34
Event: 2.643 Thread 0x0000000002b15000 Uncommon trap: reason=unstable_if action=reinterpret pc=0x0000000002e16630 method=sun.misc.MetaIndex.mayContain(Ljava/lang/String;)Z @ 38
Event: 2.718 Thread 0x0000000002b15000 Uncommon trap: reason=unstable_if action=reinterpret pc=0x0000000002ed19d4 method=java.io.DataInputStream.readUTF(Ljava/io/DataInput;)Ljava/lang/String; @ 31
Event: 2.734 Thread 0x0000000002b15000 Uncommon trap: reason=unstable_if action=reinterpret pc=0x0000000002e3d724 method=java.lang.AbstractStringBuilder.append(Ljava/lang/String;)Ljava/lang/AbstractStringBuilder; @ 1
Event: 6.861 Thread 0x0000000002b15000 Uncommon trap: reason=class_check action=maybe_recompile pc=0x0000000002ed9394 method=java.io.FilterInputStream.read()I @ 4
Event: 6.862 Thread 0x0000000002b15000 Uncommon trap: reason=class_check action=maybe_recompile pc=0x0000000002ed9394 method=java.io.FilterInputStream.read()I @ 4
Event: 6.862 Thread 0x0000000002b15000 Uncommon trap: reason=class_check action=maybe_recompile pc=0x0000000002ed9394 method=java.io.FilterInputStream.read()I @ 4
Event: 6.862 Thread 0x0000000002b15000 Uncommon trap: reason=class_check action=maybe_recompile pc=0x0000000002ed9394 method=java.io.FilterInputStream.read()I @ 4
Event: 10.944 Thread 0x0000000002b15000 Uncommon trap: reason=unstable_if action=reinterpret pc=0x0000000002e30b10 method=java.lang.AbstractStringBuilder.append(Ljava/lang/String;)Ljava/lang/AbstractStringBuilder; @ 1

Classes redefined (0 events):
No events

Internal exceptions (10 events):
Event: 1.444 Thread 0x0000000002b15000 Exception <a 'java/security/PrivilegedActionException'> (0x000000076c7e27b8) thrown at [C:\Users\jenkins\workspace\openjdk8_build_x86-64_windows\openjdk\hotspot\src\share\vm\prims\jvm.cpp, line 1435]
Event: 1.444 Thread 0x0000000002b15000 Exception <a 'java/security/PrivilegedActionException'> (0x000000076c7e2bb0) thrown at [C:\Users\jenkins\workspace\openjdk8_build_x86-64_windows\openjdk\hotspot\src\share\vm\prims\jvm.cpp, line 1435]
Event: 1.460 Thread 0x0000000002b15000 Exception <a 'java/lang/ClassNotFoundException': com/sun/org/glassfish/hk2/osgiresourcelocator/ServiceLoader> (0x000000076c80ddd8) thrown at [C:\Users\jenkins\workspace\openjdk8_build_x86-64_windows\openjdk\hotspot\src\share\vm\classfile\systemDictionary.
Event: 1.471 Thread 0x0000000002b15000 Exception <a 'java/lang/NullPointerException'> (0x000000076c824c18) thrown at [C:\Users\jenkins\workspace\openjdk8_build_x86-64_windows\openjdk\hotspot\src\share\vm\interpreter\linkResolver.cpp, line 1287]
Event: 1.539 Thread 0x0000000002b15000 Exception <a 'java/lang/ArrayIndexOutOfBoundsException'> (0x000000076c8dd0b8) thrown at [C:\Users\jenkins\workspace\openjdk8_build_x86-64_windows\openjdk\hotspot\src\share\vm\runtime\sharedRuntime.cpp, line 605]
Event: 1.539 Thread 0x0000000002b15000 Exception <a 'java/lang/ArrayIndexOutOfBoundsException'> (0x000000076c8de670) thrown at [C:\Users\jenkins\workspace\openjdk8_build_x86-64_windows\openjdk\hotspot\src\share\vm\runtime\sharedRuntime.cpp, line 605]
Event: 1.540 Thread 0x0000000002b15000 Exception <a 'java/lang/ArrayIndexOutOfBoundsException'> (0x000000076c8dfcb0) thrown at [C:\Users\jenkins\workspace\openjdk8_build_x86-64_windows\openjdk\hotspot\src\share\vm\runtime\sharedRuntime.cpp, line 605]
Event: 1.552 Thread 0x0000000002b15000 Exception <a 'java/lang/ArrayIndexOutOfBoundsException': 85> (0x000000076c8f60b8) thrown at [C:\Users\jenkins\workspace\openjdk8_build_x86-64_windows\openjdk\hotspot\src\share\vm\interpreter\interpreterRuntime.cpp, line 366]
Event: 2.734 Thread 0x0000000002b15000 Implicit null exception at 0x0000000002e3d354 to 0x0000000002e3d70d
Event: 10.944 Thread 0x0000000002b15000 Implicit null exception at 0x0000000002e30756 to 0x0000000002e30af9

Events (10 events):
Event: 10.945 loading class com/sun/org/apache/xerces/internal/impl/dtd/models/CMStateSet
Event: 10.946 loading class com/sun/org/apache/xerces/internal/impl/dtd/models/CMStateSet done
Event: 10.946 loading class com/sun/org/apache/xerces/internal/impl/xs/models/XSCMRepeatingLeaf
Event: 10.946 loading class com/sun/org/apache/xerces/internal/impl/xs/models/XSCMRepeatingLeaf done
Event: 10.946 loading class com/sun/org/apache/xerces/internal/impl/xs/models/XSAllCM
Event: 10.946 loading class com/sun/org/apache/xerces/internal/impl/xs/models/XSAllCM done
Event: 10.950 loading class com/sun/org/apache/xerces/internal/dom/DOMInputImpl
Event: 10.950 loading class org/w3c/dom/ls/LSInput
Event: 10.950 loading class org/w3c/dom/ls/LSInput done
Event: 10.951 loading class com/sun/org/apache/xerces/internal/dom/DOMInputImpl done


Dynamic libraries:
0x00007ff7c4070000 - 0x00007ff7c40a5000 	E:\2021.3.11f1\Editor\Data\PlaybackEngines\AndroidPlayer\OpenJDK\bin\java.exe
0x00007ff82a910000 - 0x00007ff82ab25000 	C:\WINDOWS\SYSTEM32\ntdll.dll
0x00007ff82a150000 - 0x00007ff82a215000 	C:\WINDOWS\System32\KERNEL32.DLL
0x00007ff828300000 - 0x00007ff8286a7000 	C:\WINDOWS\System32\KERNELBASE.dll
0x00007ff82a670000 - 0x00007ff82a721000 	C:\WINDOWS\System32\ADVAPI32.dll
0x00007ff828f40000 - 0x00007ff828fe7000 	C:\WINDOWS\System32\msvcrt.dll
0x00007ff82a5c0000 - 0x00007ff82a666000 	C:\WINDOWS\System32\sechost.dll
0x00007ff82a220000 - 0x00007ff82a349000 	C:\WINDOWS\System32\RPCRT4.dll
0x00007ff829020000 - 0x00007ff8291d0000 	C:\WINDOWS\System32\USER32.dll
0x00007ff828220000 - 0x00007ff828246000 	C:\WINDOWS\System32\win32u.dll
0x00007ff828a90000 - 0x00007ff828ab9000 	C:\WINDOWS\System32\GDI32.dll
0x00007ff827d50000 - 0x00007ff827e6a000 	C:\WINDOWS\System32\gdi32full.dll
0x00007ff828250000 - 0x00007ff8282f5000 	C:\WINDOWS\System32\msvcp_win.dll
0x00007ff828100000 - 0x00007ff828215000 	C:\WINDOWS\System32\ucrtbase.dll
0x00007ff806af0000 - 0x00007ff806d86000 	C:\WINDOWS\WinSxS\amd64_microsoft.windows.common-controls_6595b64144ccf1df_6.0.25290.1000_none_767a1b94446a709d\COMCTL32.dll
0x00007ff82a580000 - 0x00007ff82a5b0000 	C:\WINDOWS\System32\IMM32.DLL
0x00000000553b0000 - 0x0000000055482000 	E:\2021.3.11f1\Editor\Data\PlaybackEngines\AndroidPlayer\OpenJDK\jre\bin\msvcr100.dll
0x0000000054b60000 - 0x00000000553a9000 	E:\2021.3.11f1\Editor\Data\PlaybackEngines\AndroidPlayer\OpenJDK\jre\bin\server\jvm.dll
0x00007ff828710000 - 0x00007ff828718000 	C:\WINDOWS\System32\PSAPI.DLL
0x00007fffcf670000 - 0x00007fffcf679000 	C:\WINDOWS\SYSTEM32\WSOCK32.dll
0x00007ff81b380000 - 0x00007ff81b38a000 	C:\WINDOWS\SYSTEM32\VERSION.dll
0x00007ff821420000 - 0x00007ff821455000 	C:\WINDOWS\SYSTEM32\WINMM.dll
0x00007ff82a0c0000 - 0x00007ff82a12f000 	C:\WINDOWS\System32\WS2_32.dll
0x00007ffffbf70000 - 0x00007ffffbf7f000 	E:\2021.3.11f1\Editor\Data\PlaybackEngines\AndroidPlayer\OpenJDK\jre\bin\verify.dll
0x00007ffffbe40000 - 0x00007ffffbe69000 	E:\2021.3.11f1\Editor\Data\PlaybackEngines\AndroidPlayer\OpenJDK\jre\bin\java.dll
0x00007ffffbf50000 - 0x00007ffffbf66000 	E:\2021.3.11f1\Editor\Data\PlaybackEngines\AndroidPlayer\OpenJDK\jre\bin\zip.dll
0x00007ff8298c0000 - 0x00007ff82a0bd000 	C:\WINDOWS\System32\SHELL32.dll
0x00007ff825b60000 - 0x00007ff82640c000 	C:\WINDOWS\SYSTEM32\windows.storage.dll
0x00007ff8294e0000 - 0x00007ff829864000 	C:\WINDOWS\System32\combase.dll
0x00007ff828720000 - 0x00007ff8287ff000 	C:\WINDOWS\System32\SHCORE.dll
0x00007ff8286b0000 - 0x00007ff82870e000 	C:\WINDOWS\System32\shlwapi.dll
0x00007ff827bb0000 - 0x00007ff827bd1000 	C:\WINDOWS\SYSTEM32\profapi.dll
0x00007ffffbf20000 - 0x00007ffffbf3a000 	E:\2021.3.11f1\Editor\Data\PlaybackEngines\AndroidPlayer\OpenJDK\jre\bin\net.dll
0x00007ff8271b0000 - 0x00007ff827219000 	C:\WINDOWS\system32\mswsock.dll
0x00007ffffbdb0000 - 0x00007ffffbdc1000 	E:\2021.3.11f1\Editor\Data\PlaybackEngines\AndroidPlayer\OpenJDK\jre\bin\nio.dll

VM Arguments:
jvm_args: -Dfile.encoding=UTF-8 -Dcom.android.sdkmanager.toolsdir=E:\2021.3.11f1\Editor\Data\PlaybackEngines\AndroidPlayer\SDK\tools\bin\\.. 
java_command: com.android.sdklib.tool.AvdManagerCli list target -c
java_class_path (initial): E:\2021.3.11f1\Editor\Data\PlaybackEngines\AndroidPlayer\SDK\tools\bin\..\lib\dvlib-26.0.0-dev.jar;E:\2021.3.11f1\Editor\Data\PlaybackEngines\AndroidPlayer\SDK\tools\bin\..\lib\jimfs-1.1.jar;E:\2021.3.11f1\Editor\Data\PlaybackEngines\AndroidPlayer\SDK\tools\bin\..\lib\jsr305-1.3.9.jar;E:\2021.3.11f1\Editor\Data\PlaybackEngines\AndroidPlayer\SDK\tools\bin\..\lib\repository-26.0.0-dev.jar;E:\2021.3.11f1\Editor\Data\PlaybackEngines\AndroidPlayer\SDK\tools\bin\..\lib\j2objc-annotations-1.1.jar;E:\2021.3.11f1\Editor\Data\PlaybackEngines\AndroidPlayer\SDK\tools\bin\..\lib\layoutlib-api-26.0.0-dev.jar;E:\2021.3.11f1\Editor\Data\PlaybackEngines\AndroidPlayer\SDK\tools\bin\..\lib\gson-2.3.jar;E:\2021.3.11f1\Editor\Data\PlaybackEngines\AndroidPlayer\SDK\tools\bin\..\lib\httpcore-4.2.5.jar;E:\2021.3.11f1\Editor\Data\PlaybackEngines\AndroidPlayer\SDK\tools\bin\..\lib\commons-logging-1.1.1.jar;E:\2021.3.11f1\Editor\Data\PlaybackEngines\AndroidPlayer\SDK\tools\bin\..\lib\commons-compress-1.12.jar;E:\2021.3.11f1\Editor\Data\PlaybackEngines\AndroidPlayer\SDK\tools\bin\..\lib\annotations-26.0.0-dev.jar;E:\2021.3.11f1\Editor\Data\PlaybackEngines\AndroidPlayer\SDK\tools\bin\..\lib\error_prone_annotations-2.0.18.jar;E:\2021.3.11f1\Editor\Data\PlaybackEngines\AndroidPlayer\SDK\tools\bin\..\lib\animal-sniffer-annotations-1.14.jar;E:\2021.3.11f1\Editor\Data\PlaybackEngines\AndroidPlayer\SDK\tools\bin\..\lib\httpclient-4.2.6.jar;E:\2021.3.11f1\Editor\Data\PlaybackEngines\AndroidPlayer\SDK\tools\bin\..\lib\commons-codec-1.6.jar;E:\2021.3.11f1\Editor\Data\PlaybackEngines\AndroidPlayer\SDK\tools\bin\..\lib\common-26.0.0-dev.jar;E:\2021.3.11f1\Editor\Data\PlaybackEngines\AndroidPlayer\SDK\tools\bin\..\lib\kxml2-2.3.0.jar;E:\2021.3.11f1\Editor\Data\PlaybackEngines\AndroidPlayer\SDK\tools\bin\..\lib\httpmime-4.1.jar;E:\2021.3.11f1\Editor\Data\PlaybackEngines\AndroidPlayer\SDK\tools\bin\..\lib\annotations-12.0.jar;E:\2021.3.11f1\Editor\Data\PlaybackEngines\AndroidPlay
Launcher Type: SUN_STANDARD

Environment Variables:
JAVA_HOME=E:\2021.3.11f1\Editor\Data\PlaybackEngines\AndroidPlayer\OpenJDK
JAVA_TOOL_OPTIONS=-Dfile.encoding=UTF-8
PATH=C:\Program Files\Common Files\Oracle\Java\javapath;C:\Program Files (x86)\Common Files\Oracle\Java\javapath;C:\WINDOWS\system32;C:\WINDOWS;C:\WINDOWS\System32\Wbem;C:\WINDOWS\System32\WindowsPowerShell\v1.0\;C:\WINDOWS\System32\OpenSSH\;C:\Program Files\dotnet\;C:\Program Files\Microsoft SQL Server\Client SDK\ODBC\170\Tools\Binn\;C:\Program Files (x86)\Microsoft SQL Server\150\Tools\Binn\;C:\Program Files\Microsoft SQL Server\150\Tools\Binn\;C:\Program Files\Microsoft SQL Server\150\DTS\Binn\;C:\Program Files\Azure Data Studio\bin;C:\Program Files\Git\cmd;%SystemRoot%\system32;%SystemRoot%;%SystemRoot%\System32\Wbem;%SYSTEMROOT%\System32\WindowsPowerShell\v1.0\;%SYSTEMROOT%\System32\OpenSSH\;C:\Users\Giang\AppData\Local\Microsoft\WindowsApps;E:\Tool\Microsoft VS Code\bin;C:\Program Files\Azure Data Studio\bin;C:\Program Files\Java\jdk-18.0.2.1\bin;C:\Program Files (x86)\Java\jre1.8.0_341\bin;C:\Users\Giang\.dotnet\tools;;D:\JetBrains Rider 2022.2.3\bin;;C:\Users\Giang\AppData\Local\Programs\Microsoft VS Code\bin
USERNAME=Giang-baka
OS=Windows_NT
PROCESSOR_IDENTIFIER=Intel64 Family 6 Model 165 Stepping 2, GenuineIntel



---------------  S Y S T E M  ---------------

OS: Windows 10.0 , 64 bit Build 25290 (10.0.25290.1000)

CPU:total 12 (initial active 12) (6 cores per cpu, 2 threads per core) family 6 model 165 stepping 2, cmov, cx8, fxsr, mmx, sse, sse2, sse3, ssse3, sse4.1, sse4.2, popcnt, avx, avx2, aes, clmul, erms, 3dnowpref, lzcnt, ht, tsc, tscinvbit, bmi1, bmi2, adx

Memory: 4k page, physical 16533188k(657840k free), swap 36552256k(880k free)

vm_info: OpenJDK 64-Bit Server VM (25.71-b00) for windows-amd64 JRE (1.8.0-adoptopenjdk-_2018_05_19_00_59-b00), built on May 19 2018 01:02:12 by "jenkins" with MS VC++ 10.0 (VS2010)

time: Mon Feb 13 17:36:04 2023
elapsed time: 13 seconds (0d 0h 0m 13s)

